Started GET "/" for 127.0.0.1 at 2017-09-11 11:55:56 -0700
  [1m[35m (0.7ms)[0m  [1m[34mSELECT "schema_migrations"."version" FROM "schema_migrations" ORDER BY "schema_migrations"."version" ASC[0m
  
ActiveRecord::PendingMigrationError (

Migrations are pending. To resolve this issue, run:

        bin/rails db:migrate RAILS_ENV=development

):
  
activerecord (5.1.4) lib/active_record/migration.rb:576:in `check_pending!'
activerecord (5.1.4) lib/active_record/migration.rb:553:in `call'
actionpack (5.1.4) lib/action_dispatch/middleware/callbacks.rb:26:in `block in call'
activesupport (5.1.4) lib/active_support/callbacks.rb:97:in `run_callbacks'
actionpack (5.1.4) lib/action_dispatch/middleware/callbacks.rb:24:in `call'
actionpack (5.1.4) lib/action_dispatch/middleware/executor.rb:12:in `call'
actionpack (5.1.4) lib/action_dispatch/middleware/debug_exceptions.rb:59:in `call'
actionpack (5.1.4) lib/action_dispatch/middleware/show_exceptions.rb:31:in `call'
railties (5.1.4) lib/rails/rack/logger.rb:36:in `call_app'
railties (5.1.4) lib/rails/rack/logger.rb:24:in `block in call'
activesupport (5.1.4) lib/active_support/tagged_logging.rb:69:in `block in tagged'
activesupport (5.1.4) lib/active_support/tagged_logging.rb:26:in `tagged'
activesupport (5.1.4) lib/active_support/tagged_logging.rb:69:in `tagged'
railties (5.1.4) lib/rails/rack/logger.rb:24:in `call'
actionpack (5.1.4) lib/action_dispatch/middleware/remote_ip.rb:79:in `call'
actionpack (5.1.4) lib/action_dispatch/middleware/request_id.rb:25:in `call'
rack (2.0.3) lib/rack/runtime.rb:22:in `call'
activesupport (5.1.4) lib/active_support/cache/strategy/local_cache_middleware.rb:27:in `call'
actionpack (5.1.4) lib/action_dispatch/middleware/executor.rb:12:in `call'
actionpack (5.1.4) lib/action_dispatch/middleware/static.rb:125:in `call'
rack (2.0.3) lib/rack/sendfile.rb:111:in `call'
railties (5.1.4) lib/rails/engine.rb:522:in `call'
puma (3.10.0) lib/puma/configuration.rb:225:in `call'
puma (3.10.0) lib/puma/server.rb:605:in `handle_request'
puma (3.10.0) lib/puma/server.rb:437:in `process_client'
puma (3.10.0) lib/puma/server.rb:301:in `block in run'
puma (3.10.0) lib/puma/thread_pool.rb:120:in `block in spawn_thread'
  [1m[35m (8.8ms)[0m  [1m[34mSELECT pg_try_advisory_lock(7586287453961660430)[0m
  [1m[35m (0.6ms)[0m  [1m[34mSELECT "schema_migrations"."version" FROM "schema_migrations" ORDER BY "schema_migrations"."version" ASC[0m
Migrating to CreateUsers (20170911182602)
  [1m[35m (0.3ms)[0m  [1m[35mBEGIN[0m
  [1m[35m (26.9ms)[0m  [1m[35mCREATE TABLE "users" ("id" bigserial primary key, "username" character varying, "password_digest" character varying, "created_at" timestamp NOT NULL, "updated_at" timestamp NOT NULL)[0m
  [1m[35m (0.2ms)[0m  [1m[31mROLLBACK[0m
  [1m[35m (0.3ms)[0m  [1m[34mSELECT pg_advisory_unlock(7586287453961660430)[0m
  [1m[35m (0.6ms)[0m  [1m[34mSELECT "schema_migrations"."version" FROM "schema_migrations" ORDER BY "schema_migrations"."version" ASC[0m
  [1m[35m (0.4ms)[0m  [1m[34mSELECT "ar_internal_metadata"."value" FROM "ar_internal_metadata" WHERE "ar_internal_metadata"."key" = $1[0m  [["key", "environment"]]
  [1m[35m (0.2ms)[0m  [1m[34mSELECT "schema_migrations"."version" FROM "schema_migrations" ORDER BY "schema_migrations"."version" ASC[0m
  [1m[35m (0.3ms)[0m  [1m[34mSELECT "ar_internal_metadata"."value" FROM "ar_internal_metadata" WHERE "ar_internal_metadata"."key" = $1[0m  [["key", "environment"]]
  [1m[35m (0.5ms)[0m  [1m[34mSELECT "schema_migrations"."version" FROM "schema_migrations" ORDER BY "schema_migrations"."version" ASC[0m
  [1m[35m (0.2ms)[0m  [1m[34mSELECT "ar_internal_metadata"."value" FROM "ar_internal_metadata" WHERE "ar_internal_metadata"."key" = $1[0m  [["key", "environment"]]
  [1m[35m (194.6ms)[0m  [1m[35mDROP DATABASE IF EXISTS "modus_app_api_development"[0m
  [1m[35m (194.4ms)[0m  [1m[35mDROP DATABASE IF EXISTS "modus_app_api_test"[0m
  [1m[35m (589.8ms)[0m  [1m[35mCREATE DATABASE "modus_app_api_development" ENCODING = 'unicode'[0m
  [1m[35m (429.5ms)[0m  [1m[35mCREATE DATABASE "modus_app_api_test" ENCODING = 'unicode'[0m
  [1m[35m (7.2ms)[0m  [1m[35mCREATE TABLE "schema_migrations" ("version" character varying NOT NULL PRIMARY KEY)[0m
  [1m[35m (15.0ms)[0m  [1m[35mCREATE TABLE "ar_internal_metadata" ("key" character varying NOT NULL PRIMARY KEY, "value" character varying, "created_at" timestamp NOT NULL, "updated_at" timestamp NOT NULL)[0m
  [1m[35m (0.2ms)[0m  [1m[34mSELECT pg_try_advisory_lock(7586287453961660430)[0m
  [1m[35m (0.8ms)[0m  [1m[34mSELECT "schema_migrations"."version" FROM "schema_migrations" ORDER BY "schema_migrations"."version" ASC[0m
Migrating to CreateUsers (20170911182602)
  [1m[35m (0.2ms)[0m  [1m[35mBEGIN[0m
  [1m[35m (9.0ms)[0m  [1m[35mCREATE TABLE "users" ("id" bigserial primary key, "username" character varying, "password_digest" character varying, "created_at" timestamp NOT NULL, "updated_at" timestamp NOT NULL)[0m
  [1m[35mSQL (0.6ms)[0m  [1m[32mINSERT INTO "schema_migrations" ("version") VALUES ($1) RETURNING "version"[0m  [["version", "20170911182602"]]
  [1m[35m (1.3ms)[0m  [1m[35mCOMMIT[0m
  [1m[36mActiveRecord::InternalMetadata Load (0.9ms)[0m  [1m[34mSELECT  "ar_internal_metadata".* FROM "ar_internal_metadata" WHERE "ar_internal_metadata"."key" = $1 LIMIT $2[0m  [["key", "environment"], ["LIMIT", 1]]
  [1m[35m (0.7ms)[0m  [1m[35mBEGIN[0m
  [1m[35mSQL (1.5ms)[0m  [1m[32mINSERT INTO "ar_internal_metadata" ("key", "value", "created_at", "updated_at") VALUES ($1, $2, $3, $4) RETURNING "key"[0m  [["key", "environment"], ["value", "development"], ["created_at", "2017-09-11 18:57:22.395453"], ["updated_at", "2017-09-11 18:57:22.395453"]]
  [1m[35m (1.5ms)[0m  [1m[35mCOMMIT[0m
  [1m[35m (0.3ms)[0m  [1m[34mSELECT pg_advisory_unlock(7586287453961660430)[0m
  [1m[35m (0.3ms)[0m  [1m[34mSELECT "schema_migrations"."version" FROM "schema_migrations" ORDER BY "schema_migrations"."version" ASC[0m
Started GET "/" for 127.0.0.1 at 2017-09-11 11:57:36 -0700
  [1m[35m (0.6ms)[0m  [1m[34mSELECT "schema_migrations"."version" FROM "schema_migrations" ORDER BY "schema_migrations"."version" ASC[0m
Processing by Rails::WelcomeController#index as HTML
  Rendering /Users/aaronsato/.rbenv/versions/2.4.1/lib/ruby/gems/2.4.0/gems/railties-5.1.4/lib/rails/templates/rails/welcome/index.html.erb
  Rendered /Users/aaronsato/.rbenv/versions/2.4.1/lib/ruby/gems/2.4.0/gems/railties-5.1.4/lib/rails/templates/rails/welcome/index.html.erb (3.4ms)
Completed 200 OK in 11ms (Views: 7.2ms | ActiveRecord: 0.0ms)


Started GET "/" for 127.0.0.1 at 2017-09-11 13:20:15 -0700
Processing by Rails::WelcomeController#index as HTML
  Rendering /Users/aaronsato/.rbenv/versions/2.4.1/lib/ruby/gems/2.4.0/gems/railties-5.1.4/lib/rails/templates/rails/welcome/index.html.erb
  Rendered /Users/aaronsato/.rbenv/versions/2.4.1/lib/ruby/gems/2.4.0/gems/railties-5.1.4/lib/rails/templates/rails/welcome/index.html.erb (4.7ms)
Completed 200 OK in 12ms (Views: 7.8ms | ActiveRecord: 0.0ms)


Started OPTIONS "/users/" for 127.0.0.1 at 2017-09-11 13:39:08 -0700
  
ActionController::RoutingError (No route matches [OPTIONS] "/users"):
  
actionpack (5.1.4) lib/action_dispatch/middleware/debug_exceptions.rb:63:in `call'
actionpack (5.1.4) lib/action_dispatch/middleware/show_exceptions.rb:31:in `call'
railties (5.1.4) lib/rails/rack/logger.rb:36:in `call_app'
railties (5.1.4) lib/rails/rack/logger.rb:24:in `block in call'
activesupport (5.1.4) lib/active_support/tagged_logging.rb:69:in `block in tagged'
activesupport (5.1.4) lib/active_support/tagged_logging.rb:26:in `tagged'
activesupport (5.1.4) lib/active_support/tagged_logging.rb:69:in `tagged'
railties (5.1.4) lib/rails/rack/logger.rb:24:in `call'
actionpack (5.1.4) lib/action_dispatch/middleware/remote_ip.rb:79:in `call'
actionpack (5.1.4) lib/action_dispatch/middleware/request_id.rb:25:in `call'
rack (2.0.3) lib/rack/runtime.rb:22:in `call'
activesupport (5.1.4) lib/active_support/cache/strategy/local_cache_middleware.rb:27:in `call'
actionpack (5.1.4) lib/action_dispatch/middleware/executor.rb:12:in `call'
actionpack (5.1.4) lib/action_dispatch/middleware/static.rb:125:in `call'
rack (2.0.3) lib/rack/sendfile.rb:111:in `call'
railties (5.1.4) lib/rails/engine.rb:522:in `call'
puma (3.10.0) lib/puma/configuration.rb:225:in `call'
puma (3.10.0) lib/puma/server.rb:605:in `handle_request'
puma (3.10.0) lib/puma/server.rb:437:in `process_client'
puma (3.10.0) lib/puma/server.rb:301:in `block in run'
puma (3.10.0) lib/puma/thread_pool.rb:120:in `block in spawn_thread'
Started OPTIONS "/users/" for 127.0.0.1 at 2017-09-11 13:41:01 -0700
  [1m[35m (8.0ms)[0m  [1m[34mSELECT "schema_migrations"."version" FROM "schema_migrations" ORDER BY "schema_migrations"."version" ASC[0m
  
ActionController::RoutingError (No route matches [OPTIONS] "/users"):
  
actionpack (5.1.4) lib/action_dispatch/middleware/debug_exceptions.rb:63:in `call'
actionpack (5.1.4) lib/action_dispatch/middleware/show_exceptions.rb:31:in `call'
railties (5.1.4) lib/rails/rack/logger.rb:36:in `call_app'
railties (5.1.4) lib/rails/rack/logger.rb:24:in `block in call'
activesupport (5.1.4) lib/active_support/tagged_logging.rb:69:in `block in tagged'
activesupport (5.1.4) lib/active_support/tagged_logging.rb:26:in `tagged'
activesupport (5.1.4) lib/active_support/tagged_logging.rb:69:in `tagged'
railties (5.1.4) lib/rails/rack/logger.rb:24:in `call'
actionpack (5.1.4) lib/action_dispatch/middleware/remote_ip.rb:79:in `call'
actionpack (5.1.4) lib/action_dispatch/middleware/request_id.rb:25:in `call'
rack (2.0.3) lib/rack/runtime.rb:22:in `call'
activesupport (5.1.4) lib/active_support/cache/strategy/local_cache_middleware.rb:27:in `call'
actionpack (5.1.4) lib/action_dispatch/middleware/executor.rb:12:in `call'
actionpack (5.1.4) lib/action_dispatch/middleware/static.rb:125:in `call'
rack (2.0.3) lib/rack/sendfile.rb:111:in `call'
railties (5.1.4) lib/rails/engine.rb:522:in `call'
puma (3.10.0) lib/puma/configuration.rb:225:in `call'
puma (3.10.0) lib/puma/server.rb:605:in `handle_request'
puma (3.10.0) lib/puma/server.rb:437:in `process_client'
puma (3.10.0) lib/puma/server.rb:301:in `block in run'
puma (3.10.0) lib/puma/thread_pool.rb:120:in `block in spawn_thread'
Started POST "/users/" for 127.0.0.1 at 2017-09-11 13:42:35 -0700
  [1m[35m (1.0ms)[0m  [1m[34mSELECT "schema_migrations"."version" FROM "schema_migrations" ORDER BY "schema_migrations"."version" ASC[0m
Processing by UsersController#create as HTML
  Parameters: {"user"=>{"username"=>"a", "password"=>"[FILTERED]"}}
  [1m[35m (0.1ms)[0m  [1m[35mBEGIN[0m
  [1m[35mSQL (2.4ms)[0m  [1m[32mINSERT INTO "users" ("username", "password_digest", "created_at", "updated_at") VALUES ($1, $2, $3, $4) RETURNING "id"[0m  [["username", "a"], ["password_digest", "$2a$10$4qOgpIAVtfjQMG4..ce95uUlDFSja3oezAj6llAH8YH.Qk0IvxyHy"], ["created_at", "2017-09-11 20:42:35.747726"], ["updated_at", "2017-09-11 20:42:35.747726"]]
  [1m[35m (1.6ms)[0m  [1m[35mCOMMIT[0m
Completed 201 Created in 93ms (Views: 1.0ms | ActiveRecord: 14.2ms)


Started POST "/users/login" for 127.0.0.1 at 2017-09-11 13:42:35 -0700
  
ActionController::RoutingError (No route matches [POST] "/users/login"):
  
actionpack (5.1.4) lib/action_dispatch/middleware/debug_exceptions.rb:63:in `call'
actionpack (5.1.4) lib/action_dispatch/middleware/show_exceptions.rb:31:in `call'
railties (5.1.4) lib/rails/rack/logger.rb:36:in `call_app'
railties (5.1.4) lib/rails/rack/logger.rb:24:in `block in call'
activesupport (5.1.4) lib/active_support/tagged_logging.rb:69:in `block in tagged'
activesupport (5.1.4) lib/active_support/tagged_logging.rb:26:in `tagged'
activesupport (5.1.4) lib/active_support/tagged_logging.rb:69:in `tagged'
railties (5.1.4) lib/rails/rack/logger.rb:24:in `call'
actionpack (5.1.4) lib/action_dispatch/middleware/remote_ip.rb:79:in `call'
actionpack (5.1.4) lib/action_dispatch/middleware/request_id.rb:25:in `call'
rack (2.0.3) lib/rack/runtime.rb:22:in `call'
activesupport (5.1.4) lib/active_support/cache/strategy/local_cache_middleware.rb:27:in `call'
actionpack (5.1.4) lib/action_dispatch/middleware/executor.rb:12:in `call'
actionpack (5.1.4) lib/action_dispatch/middleware/static.rb:125:in `call'
rack (2.0.3) lib/rack/sendfile.rb:111:in `call'
rack-cors (1.0.1) lib/rack/cors.rb:93:in `call'
railties (5.1.4) lib/rails/engine.rb:522:in `call'
puma (3.10.0) lib/puma/configuration.rb:225:in `call'
puma (3.10.0) lib/puma/server.rb:605:in `handle_request'
puma (3.10.0) lib/puma/server.rb:437:in `process_client'
puma (3.10.0) lib/puma/server.rb:301:in `block in run'
puma (3.10.0) lib/puma/thread_pool.rb:120:in `block in spawn_thread'
Started POST "/users/" for 127.0.0.1 at 2017-09-11 13:44:28 -0700
  [1m[35m (0.7ms)[0m  [1m[34mSELECT "schema_migrations"."version" FROM "schema_migrations" ORDER BY "schema_migrations"."version" ASC[0m
Processing by UsersController#create as HTML
  Parameters: {"user"=>{"username"=>"a", "password"=>"[FILTERED]"}}
  [1m[35m (0.2ms)[0m  [1m[35mBEGIN[0m
  [1m[35mSQL (0.5ms)[0m  [1m[32mINSERT INTO "users" ("username", "password_digest", "created_at", "updated_at") VALUES ($1, $2, $3, $4) RETURNING "id"[0m  [["username", "a"], ["password_digest", "$2a$10$58Hig19f0fIFD9Xzho9KautDnfhEr6fGvBfpbAxFNQuaqbqcj3y9i"], ["created_at", "2017-09-11 20:44:29.614951"], ["updated_at", "2017-09-11 20:44:29.614951"]]
  [1m[35m (1.4ms)[0m  [1m[35mCOMMIT[0m
Completed 201 Created in 81ms (Views: 1.6ms | ActiveRecord: 5.4ms)


Started POST "/users/login" for 127.0.0.1 at 2017-09-11 13:44:29 -0700
Processing by UsersController#login as HTML
  Parameters: {"user"=>{"username"=>"a", "password"=>"[FILTERED]"}}
  [1m[36mUser Load (0.3ms)[0m  [1m[34mSELECT  "users".* FROM "users" WHERE "users"."username" = $1 LIMIT $2[0m  [["username", "a"], ["LIMIT", 1]]
Completed 500 Internal Server Error in 78ms (ActiveRecord: 0.5ms)


  
TypeError (no implicit conversion of nil into String):
  
app/controllers/users_controller.rb:59:in `create_token'
app/controllers/users_controller.rb:11:in `login'
  [1m[35m (0.2ms)[0m  [1m[35mBEGIN[0m
  [1m[35mSQL (0.6ms)[0m  [1m[32mINSERT INTO "users" ("username", "password_digest", "created_at", "updated_at") VALUES ($1, $2, $3, $4) RETURNING "id"[0m  [["username", "a"], ["password_digest", "$2a$10$7DW3/2DioKoPnNFD4Ke0X.tY00WQXvQp8D3p9xYQO4v0HeUIWacHS"], ["created_at", "2017-09-11 20:48:23.143331"], ["updated_at", "2017-09-11 20:48:23.143331"]]
  [1m[35m (5.6ms)[0m  [1m[35mCOMMIT[0m
Started POST "/users/login" for 127.0.0.1 at 2017-09-11 13:48:57 -0700
  [1m[35m (0.5ms)[0m  [1m[34mSELECT "schema_migrations"."version" FROM "schema_migrations" ORDER BY "schema_migrations"."version" ASC[0m
Processing by UsersController#login as HTML
  Parameters: {"user"=>{"username"=>"a", "password"=>"[FILTERED]"}}
  [1m[36mUser Load (0.3ms)[0m  [1m[34mSELECT  "users".* FROM "users" WHERE "users"."username" = $1 LIMIT $2[0m  [["username", "a"], ["LIMIT", 1]]
Completed 500 Internal Server Error in 80ms (ActiveRecord: 4.1ms)


  
TypeError (no implicit conversion of nil into String):
  
app/controllers/users_controller.rb:59:in `create_token'
app/controllers/users_controller.rb:11:in `login'
  [1m[35m (0.5ms)[0m  [1m[34mSELECT pg_try_advisory_lock(7586287453961660430)[0m
  [1m[35m (0.6ms)[0m  [1m[34mSELECT "schema_migrations"."version" FROM "schema_migrations" ORDER BY "schema_migrations"."version" ASC[0m
  [1m[36mActiveRecord::InternalMetadata Load (0.5ms)[0m  [1m[34mSELECT  "ar_internal_metadata".* FROM "ar_internal_metadata" WHERE "ar_internal_metadata"."key" = $1 LIMIT $2[0m  [["key", "environment"], ["LIMIT", 1]]
  [1m[35m (0.1ms)[0m  [1m[35mBEGIN[0m
  [1m[35m (0.1ms)[0m  [1m[35mCOMMIT[0m
  [1m[35m (0.2ms)[0m  [1m[34mSELECT pg_advisory_unlock(7586287453961660430)[0m
  [1m[35m (0.2ms)[0m  [1m[34mSELECT "schema_migrations"."version" FROM "schema_migrations" ORDER BY "schema_migrations"."version" ASC[0m
Started POST "/users/login" for 127.0.0.1 at 2017-09-11 13:50:54 -0700
Started POST "/users/login" for 127.0.0.1 at 2017-09-11 13:51:04 -0700
Processing by UsersController#login as HTML
  Parameters: {"user"=>{"username"=>"a", "password"=>"[FILTERED]"}}
  [1m[36mUser Load (0.3ms)[0m  [1m[34mSELECT  "users".* FROM "users" WHERE "users"."username" = $1 LIMIT $2[0m  [["username", "a"], ["LIMIT", 1]]
Completed 500 Internal Server Error in 121ms (ActiveRecord: 0.3ms)


  
TypeError (no implicit conversion of nil into String):
  
app/controllers/users_controller.rb:59:in `create_token'
app/controllers/users_controller.rb:11:in `login'
Processing by UsersController#login as HTML
  Parameters: {"user"=>{"username"=>"a", "password"=>"[FILTERED]"}}
  [1m[36mUser Load (6.0ms)[0m  [1m[34mSELECT  "users".* FROM "users" WHERE "users"."username" = $1 LIMIT $2[0m  [["username", "a"], ["LIMIT", 1]]
Completed 500 Internal Server Error in 172ms (ActiveRecord: 6.0ms)


  
TypeError (no implicit conversion of nil into String):
  
app/controllers/users_controller.rb:59:in `create_token'
app/controllers/users_controller.rb:11:in `login'
Started POST "/users/" for 127.0.0.1 at 2017-09-11 13:52:04 -0700
Processing by UsersController#create as HTML
  Parameters: {"user"=>{"username"=>"aaron", "password"=>"[FILTERED]"}}
  [1m[35m (0.1ms)[0m  [1m[35mBEGIN[0m
  [1m[35mSQL (1.0ms)[0m  [1m[32mINSERT INTO "users" ("username", "password_digest", "created_at", "updated_at") VALUES ($1, $2, $3, $4) RETURNING "id"[0m  [["username", "aaron"], ["password_digest", "$2a$10$MZYEWqCV61dHYh1pQ5lkF.1.gWfWwGh/eg97k.HTIkrQKraEDRI6i"], ["created_at", "2017-09-11 20:52:04.792521"], ["updated_at", "2017-09-11 20:52:04.792521"]]
  [1m[35m (1.6ms)[0m  [1m[35mCOMMIT[0m
Completed 201 Created in 107ms (Views: 0.9ms | ActiveRecord: 2.7ms)


Started POST "/users/login" for 127.0.0.1 at 2017-09-11 13:52:04 -0700
Processing by UsersController#login as HTML
  Parameters: {"user"=>{"username"=>"aaron", "password"=>"[FILTERED]"}}
  [1m[36mUser Load (0.4ms)[0m  [1m[34mSELECT  "users".* FROM "users" WHERE "users"."username" = $1 LIMIT $2[0m  [["username", "aaron"], ["LIMIT", 1]]
Completed 500 Internal Server Error in 83ms (ActiveRecord: 0.4ms)


  
TypeError (no implicit conversion of nil into String):
  
app/controllers/users_controller.rb:59:in `create_token'
app/controllers/users_controller.rb:11:in `login'
Started POST "/users/login" for 127.0.0.1 at 2017-09-11 13:57:03 -0700
Processing by UsersController#login as HTML
  Parameters: {"user"=>{"username"=>"aaron", "password"=>"[FILTERED]"}}
  [1m[36mUser Load (0.8ms)[0m  [1m[34mSELECT  "users".* FROM "users" WHERE "users"."username" = $1 LIMIT $2[0m  [["username", "aaron"], ["LIMIT", 1]]
Completed 500 Internal Server Error in 117ms (ActiveRecord: 5.8ms)


  
TypeError (no implicit conversion of nil into String):
  
app/controllers/users_controller.rb:59:in `create_token'
app/controllers/users_controller.rb:11:in `login'
Started POST "/users/login" for 127.0.0.1 at 2017-09-11 13:57:45 -0700
  [1m[35m (0.5ms)[0m  [1m[34mSELECT "schema_migrations"."version" FROM "schema_migrations" ORDER BY "schema_migrations"."version" ASC[0m
Processing by UsersController#login as HTML
  Parameters: {"user"=>{"username"=>"aaron", "password"=>"[FILTERED]"}}
  [1m[36mUser Load (0.3ms)[0m  [1m[34mSELECT  "users".* FROM "users" WHERE "users"."username" = $1 LIMIT $2[0m  [["username", "aaron"], ["LIMIT", 1]]
Completed 200 OK in 80ms (Views: 0.6ms | ActiveRecord: 3.9ms)


Started POST "/users/login" for 127.0.0.1 at 2017-09-11 14:13:48 -0700
Processing by UsersController#login as HTML
  Parameters: {"user"=>{"username"=>"aaron", "password"=>"[FILTERED]"}}
  [1m[36mUser Load (0.7ms)[0m  [1m[34mSELECT  "users".* FROM "users" WHERE "users"."username" = $1 LIMIT $2[0m  [["username", "aaron"], ["LIMIT", 1]]
Completed 200 OK in 94ms (Views: 0.6ms | ActiveRecord: 14.8ms)


Started GET "/users" for 127.0.0.1 at 2017-09-11 14:13:51 -0700
Processing by UsersController#index as HTML
  [1m[36mUser Load (1.2ms)[0m  [1m[34mSELECT "users".* FROM "users"[0m
Completed 200 OK in 5ms (Views: 3.2ms | ActiveRecord: 1.2ms)


Started POST "/users/login" for 127.0.0.1 at 2017-09-11 14:17:06 -0700
Processing by UsersController#login as HTML
  Parameters: {"user"=>{"username"=>"a", "password"=>"[FILTERED]"}}
  [1m[36mUser Load (0.7ms)[0m  [1m[34mSELECT  "users".* FROM "users" WHERE "users"."username" = $1 LIMIT $2[0m  [["username", "a"], ["LIMIT", 1]]
Completed 200 OK in 98ms (Views: 3.2ms | ActiveRecord: 6.2ms)


Started GET "/users" for 127.0.0.1 at 2017-09-11 14:17:14 -0700
Processing by UsersController#index as HTML
  [1m[36mUser Load (0.9ms)[0m  [1m[34mSELECT "users".* FROM "users"[0m
Completed 200 OK in 6ms (Views: 3.5ms | ActiveRecord: 0.9ms)


Started GET "/users" for 127.0.0.1 at 2017-09-11 14:17:15 -0700
Processing by UsersController#index as HTML
  [1m[36mUser Load (0.3ms)[0m  [1m[34mSELECT "users".* FROM "users"[0m
Completed 200 OK in 4ms (Views: 2.8ms | ActiveRecord: 0.3ms)


Started GET "/users" for 127.0.0.1 at 2017-09-11 14:17:16 -0700
Processing by UsersController#index as HTML
  [1m[36mUser Load (0.4ms)[0m  [1m[34mSELECT "users".* FROM "users"[0m
Completed 200 OK in 5ms (Views: 3.1ms | ActiveRecord: 0.4ms)


Started GET "/users" for 127.0.0.1 at 2017-09-11 14:17:17 -0700
Processing by UsersController#index as HTML
  [1m[36mUser Load (0.3ms)[0m  [1m[34mSELECT "users".* FROM "users"[0m
Completed 200 OK in 4ms (Views: 2.7ms | ActiveRecord: 0.3ms)


Started GET "/users" for 127.0.0.1 at 2017-09-11 14:17:17 -0700
Processing by UsersController#index as HTML
  [1m[36mUser Load (0.2ms)[0m  [1m[34mSELECT "users".* FROM "users"[0m
Completed 200 OK in 3ms (Views: 2.3ms | ActiveRecord: 0.2ms)


Started POST "/users/login" for 127.0.0.1 at 2017-09-11 14:17:51 -0700
Processing by UsersController#login as HTML
  Parameters: {"user"=>{"username"=>"aaron", "password"=>"[FILTERED]"}}
  [1m[36mUser Load (0.3ms)[0m  [1m[34mSELECT  "users".* FROM "users" WHERE "users"."username" = $1 LIMIT $2[0m  [["username", "aaron"], ["LIMIT", 1]]
Completed 200 OK in 68ms (Views: 0.9ms | ActiveRecord: 0.3ms)


Started POST "/users/login" for 127.0.0.1 at 2017-09-11 14:19:45 -0700
Processing by UsersController#login as HTML
  Parameters: {"user"=>{"username"=>"aaron", "password"=>"[FILTERED]"}}
  [1m[36mUser Load (0.4ms)[0m  [1m[34mSELECT  "users".* FROM "users" WHERE "users"."username" = $1 LIMIT $2[0m  [["username", "aaron"], ["LIMIT", 1]]
Completed 200 OK in 71ms (Views: 0.5ms | ActiveRecord: 0.4ms)


Started GET "/users" for 127.0.0.1 at 2017-09-11 14:20:02 -0700
Processing by UsersController#index as HTML
Filter chain halted as :authenticate_token rendered or redirected
Completed 200 OK in 1ms (Views: 0.3ms | ActiveRecord: 0.0ms)


Started GET "/songs" for 127.0.0.1 at 2017-09-11 14:20:08 -0700
  
ActionController::RoutingError (No route matches [GET] "/songs"):
  
actionpack (5.1.4) lib/action_dispatch/middleware/debug_exceptions.rb:63:in `call'
actionpack (5.1.4) lib/action_dispatch/middleware/show_exceptions.rb:31:in `call'
railties (5.1.4) lib/rails/rack/logger.rb:36:in `call_app'
railties (5.1.4) lib/rails/rack/logger.rb:24:in `block in call'
activesupport (5.1.4) lib/active_support/tagged_logging.rb:69:in `block in tagged'
activesupport (5.1.4) lib/active_support/tagged_logging.rb:26:in `tagged'
activesupport (5.1.4) lib/active_support/tagged_logging.rb:69:in `tagged'
railties (5.1.4) lib/rails/rack/logger.rb:24:in `call'
actionpack (5.1.4) lib/action_dispatch/middleware/remote_ip.rb:79:in `call'
actionpack (5.1.4) lib/action_dispatch/middleware/request_id.rb:25:in `call'
rack (2.0.3) lib/rack/runtime.rb:22:in `call'
activesupport (5.1.4) lib/active_support/cache/strategy/local_cache_middleware.rb:27:in `call'
actionpack (5.1.4) lib/action_dispatch/middleware/executor.rb:12:in `call'
actionpack (5.1.4) lib/action_dispatch/middleware/static.rb:125:in `call'
rack (2.0.3) lib/rack/sendfile.rb:111:in `call'
rack-cors (1.0.1) lib/rack/cors.rb:93:in `call'
railties (5.1.4) lib/rails/engine.rb:522:in `call'
puma (3.10.0) lib/puma/configuration.rb:225:in `call'
puma (3.10.0) lib/puma/server.rb:605:in `handle_request'
puma (3.10.0) lib/puma/server.rb:437:in `process_client'
puma (3.10.0) lib/puma/server.rb:301:in `block in run'
puma (3.10.0) lib/puma/thread_pool.rb:120:in `block in spawn_thread'
Started GET "/" for 127.0.0.1 at 2017-09-11 14:20:16 -0700
Processing by Rails::WelcomeController#index as HTML
  Rendering /Users/aaronsato/.rbenv/versions/2.4.1/lib/ruby/gems/2.4.0/gems/railties-5.1.4/lib/rails/templates/rails/welcome/index.html.erb
  Rendered /Users/aaronsato/.rbenv/versions/2.4.1/lib/ruby/gems/2.4.0/gems/railties-5.1.4/lib/rails/templates/rails/welcome/index.html.erb (3.3ms)
Completed 200 OK in 10ms (Views: 5.8ms | ActiveRecord: 0.0ms)


Started POST "/users/login" for 127.0.0.1 at 2017-09-11 17:30:27 -0700
Processing by UsersController#login as HTML
  Parameters: {"user"=>{"username"=>"aaron", "password"=>"[FILTERED]"}}
  [1m[36mUser Load (1.8ms)[0m  [1m[34mSELECT  "users".* FROM "users" WHERE "users"."username" = $1 LIMIT $2[0m  [["username", "aaron"], ["LIMIT", 1]]
Completed 200 OK in 70ms (Views: 1.1ms | ActiveRecord: 1.8ms)


Started GET "/users" for 127.0.0.1 at 2017-09-11 17:30:36 -0700
Processing by UsersController#index as HTML
  [1m[36mUser Load (0.2ms)[0m  [1m[34mSELECT "users".* FROM "users"[0m
Completed 200 OK in 4ms (Views: 2.3ms | ActiveRecord: 0.2ms)


Started GET "/users" for 127.0.0.1 at 2017-09-11 17:30:37 -0700
Processing by UsersController#index as HTML
  [1m[36mUser Load (0.2ms)[0m  [1m[34mSELECT "users".* FROM "users"[0m
Completed 200 OK in 4ms (Views: 2.3ms | ActiveRecord: 0.2ms)


Started POST "/users/login" for 127.0.0.1 at 2017-09-11 18:10:06 -0700
Processing by UsersController#login as HTML
  Parameters: {"user"=>{"username"=>"aaron", "password"=>"[FILTERED]"}}
  [1m[36mUser Load (0.2ms)[0m  [1m[34mSELECT  "users".* FROM "users" WHERE "users"."username" = $1 LIMIT $2[0m  [["username", "aaron"], ["LIMIT", 1]]
Completed 200 OK in 76ms (Views: 0.6ms | ActiveRecord: 4.4ms)


Started POST "/users/login" for 127.0.0.1 at 2017-09-11 19:26:49 -0700
Processing by UsersController#login as HTML
  Parameters: {"user"=>{"username"=>"aaron", "password"=>"[FILTERED]"}}
  [1m[36mUser Load (0.4ms)[0m  [1m[34mSELECT  "users".* FROM "users" WHERE "users"."username" = $1 LIMIT $2[0m  [["username", "aaron"], ["LIMIT", 1]]
Completed 200 OK in 70ms (Views: 0.7ms | ActiveRecord: 0.4ms)


Started POST "/users/login" for 127.0.0.1 at 2017-09-11 19:28:35 -0700
Processing by UsersController#login as HTML
  Parameters: {"user"=>{"username"=>"aaron", "password"=>"[FILTERED]"}}
  [1m[36mUser Load (0.2ms)[0m  [1m[34mSELECT  "users".* FROM "users" WHERE "users"."username" = $1 LIMIT $2[0m  [["username", "aaron"], ["LIMIT", 1]]
Completed 200 OK in 69ms (Views: 0.4ms | ActiveRecord: 0.2ms)


Started POST "/users/login" for 127.0.0.1 at 2017-09-11 19:32:26 -0700
Processing by UsersController#login as HTML
  Parameters: {"user"=>{"username"=>"aaron", "password"=>"[FILTERED]"}}
  [1m[36mUser Load (0.2ms)[0m  [1m[34mSELECT  "users".* FROM "users" WHERE "users"."username" = $1 LIMIT $2[0m  [["username", "aaron"], ["LIMIT", 1]]
Completed 200 OK in 68ms (Views: 0.3ms | ActiveRecord: 0.2ms)


Started GET "/users" for 127.0.0.1 at 2017-09-11 19:33:56 -0700
Processing by UsersController#index as HTML
  [1m[36mUser Load (0.3ms)[0m  [1m[34mSELECT "users".* FROM "users"[0m
Completed 200 OK in 3ms (Views: 1.8ms | ActiveRecord: 0.3ms)


Started POST "/users/login" for 127.0.0.1 at 2017-09-11 20:46:11 -0700
Processing by UsersController#login as HTML
  Parameters: {"user"=>{"username"=>"aaron", "password"=>"[FILTERED]"}}
  [1m[36mUser Load (0.7ms)[0m  [1m[34mSELECT  "users".* FROM "users" WHERE "users"."username" = $1 LIMIT $2[0m  [["username", "aaron"], ["LIMIT", 1]]
Completed 200 OK in 82ms (Views: 2.8ms | ActiveRecord: 0.7ms)


Started POST "/users/login" for 127.0.0.1 at 2017-09-11 22:08:20 -0700
Processing by UsersController#login as HTML
  Parameters: {"user"=>{"username"=>"aaron", "password"=>"[FILTERED]"}}
  [1m[36mUser Load (0.7ms)[0m  [1m[34mSELECT  "users".* FROM "users" WHERE "users"."username" = $1 LIMIT $2[0m  [["username", "aaron"], ["LIMIT", 1]]
Completed 200 OK in 72ms (Views: 1.4ms | ActiveRecord: 0.7ms)


Started POST "/users/login" for 127.0.0.1 at 2017-09-11 22:13:12 -0700
Processing by UsersController#login as HTML
  Parameters: {"user"=>{"username"=>"aaron", "password"=>"[FILTERED]"}}
  [1m[36mUser Load (0.4ms)[0m  [1m[34mSELECT  "users".* FROM "users" WHERE "users"."username" = $1 LIMIT $2[0m  [["username", "aaron"], ["LIMIT", 1]]
Completed 200 OK in 71ms (Views: 0.4ms | ActiveRecord: 0.4ms)


Started POST "/users/login" for 127.0.0.1 at 2017-09-11 22:17:31 -0700
Processing by UsersController#login as HTML
  Parameters: {"user"=>{"username"=>"aaron", "password"=>"[FILTERED]"}}
  [1m[36mUser Load (0.3ms)[0m  [1m[34mSELECT  "users".* FROM "users" WHERE "users"."username" = $1 LIMIT $2[0m  [["username", "aaron"], ["LIMIT", 1]]
Completed 200 OK in 71ms (Views: 0.5ms | ActiveRecord: 0.3ms)


Started POST "/users/login" for 127.0.0.1 at 2017-09-11 22:20:06 -0700
Processing by UsersController#login as HTML
  Parameters: {"user"=>{"username"=>"aaron", "password"=>"[FILTERED]"}}
  [1m[36mUser Load (0.2ms)[0m  [1m[34mSELECT  "users".* FROM "users" WHERE "users"."username" = $1 LIMIT $2[0m  [["username", "aaron"], ["LIMIT", 1]]
Completed 200 OK in 64ms (Views: 0.5ms | ActiveRecord: 0.2ms)


Started POST "/users/login" for 127.0.0.1 at 2017-09-11 22:22:36 -0700
Processing by UsersController#login as HTML
  Parameters: {"user"=>{"username"=>"aaron", "password"=>"[FILTERED]"}}
  [1m[36mUser Load (0.2ms)[0m  [1m[34mSELECT  "users".* FROM "users" WHERE "users"."username" = $1 LIMIT $2[0m  [["username", "aaron"], ["LIMIT", 1]]
Completed 200 OK in 63ms (Views: 0.4ms | ActiveRecord: 0.2ms)


Started POST "/users/login" for 127.0.0.1 at 2017-09-11 22:24:05 -0700
Processing by UsersController#login as HTML
  Parameters: {"user"=>{"username"=>"aaron", "password"=>"[FILTERED]"}}
  [1m[36mUser Load (0.2ms)[0m  [1m[34mSELECT  "users".* FROM "users" WHERE "users"."username" = $1 LIMIT $2[0m  [["username", "aaron"], ["LIMIT", 1]]
Completed 200 OK in 66ms (Views: 0.4ms | ActiveRecord: 0.2ms)


Started POST "/users/login" for 127.0.0.1 at 2017-09-11 22:50:35 -0700
Processing by UsersController#login as HTML
  Parameters: {"user"=>{"username"=>"aaron", "password"=>"[FILTERED]"}}
  [1m[36mUser Load (0.2ms)[0m  [1m[34mSELECT  "users".* FROM "users" WHERE "users"."username" = $1 LIMIT $2[0m  [["username", "aaron"], ["LIMIT", 1]]
Completed 200 OK in 72ms (Views: 0.9ms | ActiveRecord: 0.2ms)


Started POST "/users/login" for 127.0.0.1 at 2017-09-11 23:28:55 -0700
Processing by UsersController#login as HTML
  Parameters: {"user"=>{"username"=>"aaron", "password"=>"[FILTERED]"}}
  [1m[36mUser Load (0.7ms)[0m  [1m[34mSELECT  "users".* FROM "users" WHERE "users"."username" = $1 LIMIT $2[0m  [["username", "aaron"], ["LIMIT", 1]]
Completed 200 OK in 85ms (Views: 3.4ms | ActiveRecord: 0.7ms)


Started POST "/users/login" for 127.0.0.1 at 2017-09-11 23:59:23 -0700
Processing by UsersController#login as HTML
  Parameters: {"user"=>{"username"=>"aaron", "password"=>"[FILTERED]"}}
  [1m[36mUser Load (0.6ms)[0m  [1m[34mSELECT  "users".* FROM "users" WHERE "users"."username" = $1 LIMIT $2[0m  [["username", "aaron"], ["LIMIT", 1]]
Completed 200 OK in 69ms (Views: 1.1ms | ActiveRecord: 0.6ms)


Started POST "/users/login" for 127.0.0.1 at 2017-09-12 00:05:19 -0700
  [1m[35m (0.4ms)[0m  [1m[34mSELECT "schema_migrations"."version" FROM "schema_migrations" ORDER BY "schema_migrations"."version" ASC[0m
  
ActiveRecord::PendingMigrationError (

Migrations are pending. To resolve this issue, run:

        bin/rails db:migrate RAILS_ENV=development

):
  
activerecord (5.1.4) lib/active_record/migration.rb:576:in `check_pending!'
activerecord (5.1.4) lib/active_record/migration.rb:553:in `call'
actionpack (5.1.4) lib/action_dispatch/middleware/callbacks.rb:26:in `block in call'
activesupport (5.1.4) lib/active_support/callbacks.rb:97:in `run_callbacks'
actionpack (5.1.4) lib/action_dispatch/middleware/callbacks.rb:24:in `call'
actionpack (5.1.4) lib/action_dispatch/middleware/executor.rb:12:in `call'
actionpack (5.1.4) lib/action_dispatch/middleware/debug_exceptions.rb:59:in `call'
actionpack (5.1.4) lib/action_dispatch/middleware/show_exceptions.rb:31:in `call'
railties (5.1.4) lib/rails/rack/logger.rb:36:in `call_app'
railties (5.1.4) lib/rails/rack/logger.rb:24:in `block in call'
activesupport (5.1.4) lib/active_support/tagged_logging.rb:69:in `block in tagged'
activesupport (5.1.4) lib/active_support/tagged_logging.rb:26:in `tagged'
activesupport (5.1.4) lib/active_support/tagged_logging.rb:69:in `tagged'
railties (5.1.4) lib/rails/rack/logger.rb:24:in `call'
actionpack (5.1.4) lib/action_dispatch/middleware/remote_ip.rb:79:in `call'
actionpack (5.1.4) lib/action_dispatch/middleware/request_id.rb:25:in `call'
rack (2.0.3) lib/rack/runtime.rb:22:in `call'
activesupport (5.1.4) lib/active_support/cache/strategy/local_cache_middleware.rb:27:in `call'
actionpack (5.1.4) lib/action_dispatch/middleware/executor.rb:12:in `call'
actionpack (5.1.4) lib/action_dispatch/middleware/static.rb:125:in `call'
rack (2.0.3) lib/rack/sendfile.rb:111:in `call'
rack-cors (1.0.1) lib/rack/cors.rb:93:in `call'
railties (5.1.4) lib/rails/engine.rb:522:in `call'
puma (3.10.0) lib/puma/configuration.rb:225:in `call'
puma (3.10.0) lib/puma/server.rb:605:in `handle_request'
puma (3.10.0) lib/puma/server.rb:437:in `process_client'
puma (3.10.0) lib/puma/server.rb:301:in `block in run'
puma (3.10.0) lib/puma/thread_pool.rb:120:in `block in spawn_thread'
Started POST "/users/login" for 127.0.0.1 at 2017-09-12 00:05:22 -0700
  [1m[35m (2.4ms)[0m  [1m[34mSELECT "schema_migrations"."version" FROM "schema_migrations" ORDER BY "schema_migrations"."version" ASC[0m
  
ActiveRecord::PendingMigrationError (

Migrations are pending. To resolve this issue, run:

        bin/rails db:migrate RAILS_ENV=development

):
  
activerecord (5.1.4) lib/active_record/migration.rb:576:in `check_pending!'
activerecord (5.1.4) lib/active_record/migration.rb:553:in `call'
actionpack (5.1.4) lib/action_dispatch/middleware/callbacks.rb:26:in `block in call'
activesupport (5.1.4) lib/active_support/callbacks.rb:97:in `run_callbacks'
actionpack (5.1.4) lib/action_dispatch/middleware/callbacks.rb:24:in `call'
actionpack (5.1.4) lib/action_dispatch/middleware/executor.rb:12:in `call'
actionpack (5.1.4) lib/action_dispatch/middleware/debug_exceptions.rb:59:in `call'
actionpack (5.1.4) lib/action_dispatch/middleware/show_exceptions.rb:31:in `call'
railties (5.1.4) lib/rails/rack/logger.rb:36:in `call_app'
railties (5.1.4) lib/rails/rack/logger.rb:24:in `block in call'
activesupport (5.1.4) lib/active_support/tagged_logging.rb:69:in `block in tagged'
activesupport (5.1.4) lib/active_support/tagged_logging.rb:26:in `tagged'
activesupport (5.1.4) lib/active_support/tagged_logging.rb:69:in `tagged'
railties (5.1.4) lib/rails/rack/logger.rb:24:in `call'
actionpack (5.1.4) lib/action_dispatch/middleware/remote_ip.rb:79:in `call'
actionpack (5.1.4) lib/action_dispatch/middleware/request_id.rb:25:in `call'
rack (2.0.3) lib/rack/runtime.rb:22:in `call'
activesupport (5.1.4) lib/active_support/cache/strategy/local_cache_middleware.rb:27:in `call'
actionpack (5.1.4) lib/action_dispatch/middleware/executor.rb:12:in `call'
actionpack (5.1.4) lib/action_dispatch/middleware/static.rb:125:in `call'
rack (2.0.3) lib/rack/sendfile.rb:111:in `call'
rack-cors (1.0.1) lib/rack/cors.rb:93:in `call'
railties (5.1.4) lib/rails/engine.rb:522:in `call'
puma (3.10.0) lib/puma/configuration.rb:225:in `call'
puma (3.10.0) lib/puma/server.rb:605:in `handle_request'
puma (3.10.0) lib/puma/server.rb:437:in `process_client'
puma (3.10.0) lib/puma/server.rb:301:in `block in run'
puma (3.10.0) lib/puma/thread_pool.rb:120:in `block in spawn_thread'
Started POST "/users/login" for 127.0.0.1 at 2017-09-12 00:06:12 -0700
  [1m[35m (0.5ms)[0m  [1m[34mSELECT "schema_migrations"."version" FROM "schema_migrations" ORDER BY "schema_migrations"."version" ASC[0m
  
ActiveRecord::PendingMigrationError (

Migrations are pending. To resolve this issue, run:

        bin/rails db:migrate RAILS_ENV=development

):
  
activerecord (5.1.4) lib/active_record/migration.rb:576:in `check_pending!'
activerecord (5.1.4) lib/active_record/migration.rb:553:in `call'
actionpack (5.1.4) lib/action_dispatch/middleware/callbacks.rb:26:in `block in call'
activesupport (5.1.4) lib/active_support/callbacks.rb:97:in `run_callbacks'
actionpack (5.1.4) lib/action_dispatch/middleware/callbacks.rb:24:in `call'
actionpack (5.1.4) lib/action_dispatch/middleware/executor.rb:12:in `call'
actionpack (5.1.4) lib/action_dispatch/middleware/debug_exceptions.rb:59:in `call'
actionpack (5.1.4) lib/action_dispatch/middleware/show_exceptions.rb:31:in `call'
railties (5.1.4) lib/rails/rack/logger.rb:36:in `call_app'
railties (5.1.4) lib/rails/rack/logger.rb:24:in `block in call'
activesupport (5.1.4) lib/active_support/tagged_logging.rb:69:in `block in tagged'
activesupport (5.1.4) lib/active_support/tagged_logging.rb:26:in `tagged'
activesupport (5.1.4) lib/active_support/tagged_logging.rb:69:in `tagged'
railties (5.1.4) lib/rails/rack/logger.rb:24:in `call'
actionpack (5.1.4) lib/action_dispatch/middleware/remote_ip.rb:79:in `call'
actionpack (5.1.4) lib/action_dispatch/middleware/request_id.rb:25:in `call'
rack (2.0.3) lib/rack/runtime.rb:22:in `call'
activesupport (5.1.4) lib/active_support/cache/strategy/local_cache_middleware.rb:27:in `call'
actionpack (5.1.4) lib/action_dispatch/middleware/executor.rb:12:in `call'
actionpack (5.1.4) lib/action_dispatch/middleware/static.rb:125:in `call'
rack (2.0.3) lib/rack/sendfile.rb:111:in `call'
rack-cors (1.0.1) lib/rack/cors.rb:93:in `call'
railties (5.1.4) lib/rails/engine.rb:522:in `call'
puma (3.10.0) lib/puma/configuration.rb:225:in `call'
puma (3.10.0) lib/puma/server.rb:605:in `handle_request'
puma (3.10.0) lib/puma/server.rb:437:in `process_client'
puma (3.10.0) lib/puma/server.rb:301:in `block in run'
puma (3.10.0) lib/puma/thread_pool.rb:120:in `block in spawn_thread'
  [1m[35m (0.2ms)[0m  [1m[34mSELECT pg_try_advisory_lock(7586287453961660430)[0m
  [1m[35m (0.8ms)[0m  [1m[34mSELECT "schema_migrations"."version" FROM "schema_migrations" ORDER BY "schema_migrations"."version" ASC[0m
Migrating to CreateSongs (20170912031248)
  [1m[35m (0.1ms)[0m  [1m[35mBEGIN[0m
  [1m[35m (32.1ms)[0m  [1m[35mCREATE TABLE "songs" ("id" bigserial primary key, "artist" character varying, "title" character varying, "image" character varying, "created_at" timestamp NOT NULL, "updated_at" timestamp NOT NULL)[0m
  [1m[35mSQL (0.4ms)[0m  [1m[32mINSERT INTO "schema_migrations" ("version") VALUES ($1) RETURNING "version"[0m  [["version", "20170912031248"]]
  [1m[35m (1.8ms)[0m  [1m[35mCOMMIT[0m
Migrating to AddForeignKeyToSongs (20170912035012)
  [1m[35m (0.3ms)[0m  [1m[35mBEGIN[0m
  [1m[35m (0.4ms)[0m  [1m[35mALTER TABLE "songs" ADD "user_id" integer[0m
  [1m[35mSQL (0.3ms)[0m  [1m[32mINSERT INTO "schema_migrations" ("version") VALUES ($1) RETURNING "version"[0m  [["version", "20170912035012"]]
  [1m[35m (1.1ms)[0m  [1m[35mCOMMIT[0m
  [1m[36mActiveRecord::InternalMetadata Load (1.6ms)[0m  [1m[34mSELECT  "ar_internal_metadata".* FROM "ar_internal_metadata" WHERE "ar_internal_metadata"."key" = $1 LIMIT $2[0m  [["key", "environment"], ["LIMIT", 1]]
  [1m[35m (0.1ms)[0m  [1m[35mBEGIN[0m
  [1m[35m (0.1ms)[0m  [1m[35mCOMMIT[0m
  [1m[35m (0.2ms)[0m  [1m[34mSELECT pg_advisory_unlock(7586287453961660430)[0m
  [1m[35m (0.3ms)[0m  [1m[34mSELECT "schema_migrations"."version" FROM "schema_migrations" ORDER BY "schema_migrations"."version" ASC[0m
Started POST "/users/login" for 127.0.0.1 at 2017-09-12 00:07:25 -0700
  [1m[35m (0.5ms)[0m  [1m[34mSELECT "schema_migrations"."version" FROM "schema_migrations" ORDER BY "schema_migrations"."version" ASC[0m
Processing by UsersController#login as HTML
  Parameters: {"user"=>{"username"=>"aaron", "password"=>"[FILTERED]"}}
  [1m[36mUser Load (0.3ms)[0m  [1m[34mSELECT  "users".* FROM "users" WHERE "users"."username" = $1 LIMIT $2[0m  [["username", "aaron"], ["LIMIT", 1]]
Completed 200 OK in 76ms (Views: 0.6ms | ActiveRecord: 3.8ms)


Started POST "/users/login" for 127.0.0.1 at 2017-09-12 00:08:02 -0700
Processing by UsersController#login as HTML
  Parameters: {"user"=>{"username"=>"aaron", "password"=>"[FILTERED]"}}
  [1m[36mUser Load (0.7ms)[0m  [1m[34mSELECT  "users".* FROM "users" WHERE "users"."username" = $1 LIMIT $2[0m  [["username", "aaron"], ["LIMIT", 1]]
Completed 200 OK in 100ms (Views: 0.5ms | ActiveRecord: 7.8ms)


Started POST "/users/4/songs" for 127.0.0.1 at 2017-09-12 00:08:15 -0700
Processing by SongsController#create as HTML
  Parameters: {"song"=>{"artist"=>"Jennifer Lopez", "title"=>"If You Had My Love", "image"=>"https://lastfm-img2.akamaized.net/i/u/34s/7be542c21b1964307ce1354cadd12066.png", "user_id"=>4}, "user_id"=>"4"}
Unpermitted parameter: :user_id
  [1m[35m (0.3ms)[0m  [1m[35mBEGIN[0m
  [1m[35mSQL (3.2ms)[0m  [1m[32mINSERT INTO "songs" ("artist", "title", "image", "created_at", "updated_at", "user_id") VALUES ($1, $2, $3, $4, $5, $6) RETURNING "id"[0m  [["artist", "Jennifer Lopez"], ["title", "If You Had My Love"], ["image", "https://lastfm-img2.akamaized.net/i/u/34s/7be542c21b1964307ce1354cadd12066.png"], ["created_at", "2017-09-12 07:08:15.743765"], ["updated_at", "2017-09-12 07:08:15.743765"], ["user_id", 4]]
  [1m[35m (5.6ms)[0m  [1m[35mCOMMIT[0m
Completed 201 Created in 29ms (Views: 0.5ms | ActiveRecord: 16.7ms)


Started GET "/users/4" for 127.0.0.1 at 2017-09-12 00:08:22 -0700
Processing by UsersController#show as HTML
  Parameters: {"id"=>"4"}
  [1m[36mUser Load (0.2ms)[0m  [1m[34mSELECT  "users".* FROM "users" WHERE "users"."id" = $1 LIMIT $2[0m  [["id", 4], ["LIMIT", 1]]
  [1m[36mUser Load (0.3ms)[0m  [1m[34mSELECT  "users".* FROM "users" WHERE "users"."id" = $1 LIMIT $2[0m  [["id", 4], ["LIMIT", 1]]
  [1m[36mCACHE User Load (0.1ms)[0m  [1m[34mSELECT  "users".* FROM "users" WHERE "users"."id" = $1 LIMIT $2[0m  [["id", 4], ["LIMIT", 1]]
  [1m[36mSong Load (0.3ms)[0m  [1m[34mSELECT "songs".* FROM "songs" WHERE "songs"."user_id" = $1[0m  [["user_id", 4]]
Completed 200 OK in 31ms (Views: 0.1ms | ActiveRecord: 1.2ms)


Started GET "/users/4" for 127.0.0.1 at 2017-09-12 00:08:46 -0700
Processing by UsersController#show as HTML
  Parameters: {"id"=>"4"}
  [1m[36mUser Load (0.2ms)[0m  [1m[34mSELECT  "users".* FROM "users" WHERE "users"."id" = $1 LIMIT $2[0m  [["id", 4], ["LIMIT", 1]]
  [1m[36mUser Load (0.2ms)[0m  [1m[34mSELECT  "users".* FROM "users" WHERE "users"."id" = $1 LIMIT $2[0m  [["id", 4], ["LIMIT", 1]]
  [1m[36mCACHE User Load (0.0ms)[0m  [1m[34mSELECT  "users".* FROM "users" WHERE "users"."id" = $1 LIMIT $2[0m  [["id", 4], ["LIMIT", 1]]
  [1m[36mSong Load (0.2ms)[0m  [1m[34mSELECT "songs".* FROM "songs" WHERE "songs"."user_id" = $1[0m  [["user_id", 4]]
Completed 200 OK in 5ms (Views: 0.1ms | ActiveRecord: 0.7ms)


Started POST "/users/login" for 127.0.0.1 at 2017-09-12 01:00:01 -0700
Processing by UsersController#login as HTML
  Parameters: {"user"=>{"username"=>"aaron", "password"=>"[FILTERED]"}}
  [1m[36mUser Load (0.6ms)[0m  [1m[34mSELECT  "users".* FROM "users" WHERE "users"."username" = $1 LIMIT $2[0m  [["username", "aaron"], ["LIMIT", 1]]
Completed 200 OK in 87ms (Views: 3.3ms | ActiveRecord: 0.6ms)


Started GET "/users/4" for 127.0.0.1 at 2017-09-12 01:00:14 -0700
Processing by UsersController#show as HTML
  Parameters: {"id"=>"4"}
  [1m[36mUser Load (0.5ms)[0m  [1m[34mSELECT  "users".* FROM "users" WHERE "users"."id" = $1 LIMIT $2[0m  [["id", 4], ["LIMIT", 1]]
  [1m[36mUser Load (0.3ms)[0m  [1m[34mSELECT  "users".* FROM "users" WHERE "users"."id" = $1 LIMIT $2[0m  [["id", 4], ["LIMIT", 1]]
  [1m[36mCACHE User Load (0.0ms)[0m  [1m[34mSELECT  "users".* FROM "users" WHERE "users"."id" = $1 LIMIT $2[0m  [["id", 4], ["LIMIT", 1]]
  [1m[36mSong Load (0.7ms)[0m  [1m[34mSELECT "songs".* FROM "songs" WHERE "songs"."user_id" = $1[0m  [["user_id", 4]]
Completed 200 OK in 16ms (Views: 0.1ms | ActiveRecord: 1.5ms)


Started POST "/users/login" for 127.0.0.1 at 2017-09-12 08:08:07 -0700
Processing by UsersController#login as HTML
  Parameters: {"user"=>{"username"=>"aaron", "password"=>"[FILTERED]"}}
  [1m[36mUser Load (27.2ms)[0m  [1m[34mSELECT  "users".* FROM "users" WHERE "users"."username" = $1 LIMIT $2[0m  [["username", "aaron"], ["LIMIT", 1]]
Completed 200 OK in 151ms (Views: 4.5ms | ActiveRecord: 27.2ms)


Started GET "/users/4" for 127.0.0.1 at 2017-09-12 08:08:19 -0700
Processing by UsersController#show as HTML
  Parameters: {"id"=>"4"}
  [1m[36mUser Load (1.5ms)[0m  [1m[34mSELECT  "users".* FROM "users" WHERE "users"."id" = $1 LIMIT $2[0m  [["id", 4], ["LIMIT", 1]]
  [1m[36mUser Load (0.3ms)[0m  [1m[34mSELECT  "users".* FROM "users" WHERE "users"."id" = $1 LIMIT $2[0m  [["id", 4], ["LIMIT", 1]]
  [1m[36mCACHE User Load (0.0ms)[0m  [1m[34mSELECT  "users".* FROM "users" WHERE "users"."id" = $1 LIMIT $2[0m  [["id", 4], ["LIMIT", 1]]
  [1m[36mSong Load (0.4ms)[0m  [1m[34mSELECT "songs".* FROM "songs" WHERE "songs"."user_id" = $1[0m  [["user_id", 4]]
Completed 200 OK in 42ms (Views: 0.2ms | ActiveRecord: 2.2ms)


Started POST "/users/login" for 127.0.0.1 at 2017-09-12 08:09:23 -0700
Processing by UsersController#login as HTML
  Parameters: {"user"=>{"username"=>"aaron", "password"=>"[FILTERED]"}}
  [1m[36mUser Load (1.0ms)[0m  [1m[34mSELECT  "users".* FROM "users" WHERE "users"."username" = $1 LIMIT $2[0m  [["username", "aaron"], ["LIMIT", 1]]
Completed 200 OK in 71ms (Views: 0.6ms | ActiveRecord: 1.0ms)


Started GET "/users/4" for 127.0.0.1 at 2017-09-12 08:17:53 -0700
Processing by UsersController#show as HTML
  Parameters: {"id"=>"4"}
  [1m[36mUser Load (0.4ms)[0m  [1m[34mSELECT  "users".* FROM "users" WHERE "users"."id" = $1 LIMIT $2[0m  [["id", 4], ["LIMIT", 1]]
  [1m[36mUser Load (0.4ms)[0m  [1m[34mSELECT  "users".* FROM "users" WHERE "users"."id" = $1 LIMIT $2[0m  [["id", 4], ["LIMIT", 1]]
  [1m[36mCACHE User Load (0.0ms)[0m  [1m[34mSELECT  "users".* FROM "users" WHERE "users"."id" = $1 LIMIT $2[0m  [["id", 4], ["LIMIT", 1]]
  [1m[36mSong Load (1.7ms)[0m  [1m[34mSELECT "songs".* FROM "songs" WHERE "songs"."user_id" = $1[0m  [["user_id", 4]]
Completed 200 OK in 12ms (Views: 0.2ms | ActiveRecord: 2.5ms)


Started DELETE "/songs/1" for 127.0.0.1 at 2017-09-12 08:17:56 -0700
Processing by SongsController#destroy as HTML
  Parameters: {"id"=>"1"}
  [1m[36mSong Load (0.3ms)[0m  [1m[34mSELECT  "songs".* FROM "songs" WHERE "songs"."id" = $1 LIMIT $2[0m  [["id", 1], ["LIMIT", 1]]
  [1m[35m (30.6ms)[0m  [1m[35mBEGIN[0m
  [1m[35mSQL (5.0ms)[0m  [1m[31mDELETE FROM "songs" WHERE "songs"."id" = $1[0m  [["id", 1]]
  [1m[35m (10.9ms)[0m  [1m[35mCOMMIT[0m
Completed 204 No Content in 56ms (ActiveRecord: 46.7ms)


Started GET "/users/4" for 127.0.0.1 at 2017-09-12 08:17:56 -0700
Processing by UsersController#show as HTML
  Parameters: {"id"=>"4"}
  [1m[36mUser Load (0.2ms)[0m  [1m[34mSELECT  "users".* FROM "users" WHERE "users"."id" = $1 LIMIT $2[0m  [["id", 4], ["LIMIT", 1]]
  [1m[36mUser Load (0.2ms)[0m  [1m[34mSELECT  "users".* FROM "users" WHERE "users"."id" = $1 LIMIT $2[0m  [["id", 4], ["LIMIT", 1]]
  [1m[36mCACHE User Load (0.0ms)[0m  [1m[34mSELECT  "users".* FROM "users" WHERE "users"."id" = $1 LIMIT $2[0m  [["id", 4], ["LIMIT", 1]]
  [1m[36mSong Load (6.1ms)[0m  [1m[34mSELECT "songs".* FROM "songs" WHERE "songs"."user_id" = $1[0m  [["user_id", 4]]
Completed 200 OK in 14ms (Views: 0.3ms | ActiveRecord: 6.6ms)


Started POST "/users/login" for 127.0.0.1 at 2017-09-12 09:40:50 -0700
Processing by UsersController#login as HTML
  Parameters: {"user"=>{"username"=>"aaron", "password"=>"[FILTERED]"}}
  [1m[36mUser Load (1.1ms)[0m  [1m[34mSELECT  "users".* FROM "users" WHERE "users"."username" = $1 LIMIT $2[0m  [["username", "aaron"], ["LIMIT", 1]]
Completed 200 OK in 84ms (Views: 3.4ms | ActiveRecord: 1.1ms)


Started GET "/users/4" for 127.0.0.1 at 2017-09-12 09:41:06 -0700
Processing by UsersController#show as HTML
  Parameters: {"id"=>"4"}
  [1m[36mUser Load (0.8ms)[0m  [1m[34mSELECT  "users".* FROM "users" WHERE "users"."id" = $1 LIMIT $2[0m  [["id", 4], ["LIMIT", 1]]
  [1m[36mUser Load (0.3ms)[0m  [1m[34mSELECT  "users".* FROM "users" WHERE "users"."id" = $1 LIMIT $2[0m  [["id", 4], ["LIMIT", 1]]
  [1m[36mCACHE User Load (0.0ms)[0m  [1m[34mSELECT  "users".* FROM "users" WHERE "users"."id" = $1 LIMIT $2[0m  [["id", 4], ["LIMIT", 1]]
  [1m[36mSong Load (0.6ms)[0m  [1m[34mSELECT "songs".* FROM "songs" WHERE "songs"."user_id" = $1[0m  [["user_id", 4]]
Completed 200 OK in 19ms (Views: 0.3ms | ActiveRecord: 1.7ms)


Started POST "/users/login" for 127.0.0.1 at 2017-09-12 09:58:00 -0700
Processing by UsersController#login as HTML
  Parameters: {"user"=>{"username"=>"aaron", "password"=>"[FILTERED]"}}
  [1m[36mUser Load (0.8ms)[0m  [1m[34mSELECT  "users".* FROM "users" WHERE "users"."username" = $1 LIMIT $2[0m  [["username", "aaron"], ["LIMIT", 1]]
Completed 200 OK in 80ms (Views: 2.9ms | ActiveRecord: 0.8ms)


Started GET "/users/4" for 127.0.0.1 at 2017-09-12 10:01:09 -0700
Processing by UsersController#show as HTML
  Parameters: {"id"=>"4"}
  [1m[36mUser Load (0.6ms)[0m  [1m[34mSELECT  "users".* FROM "users" WHERE "users"."id" = $1 LIMIT $2[0m  [["id", 4], ["LIMIT", 1]]
  [1m[36mUser Load (0.3ms)[0m  [1m[34mSELECT  "users".* FROM "users" WHERE "users"."id" = $1 LIMIT $2[0m  [["id", 4], ["LIMIT", 1]]
  [1m[36mCACHE User Load (0.2ms)[0m  [1m[34mSELECT  "users".* FROM "users" WHERE "users"."id" = $1 LIMIT $2[0m  [["id", 4], ["LIMIT", 1]]
  [1m[36mSong Load (0.5ms)[0m  [1m[34mSELECT "songs".* FROM "songs" WHERE "songs"."user_id" = $1[0m  [["user_id", 4]]
Completed 200 OK in 30ms (Views: 10.5ms | ActiveRecord: 1.5ms)


Started POST "/users/login" for 127.0.0.1 at 2017-09-12 10:14:53 -0700
Processing by UsersController#login as HTML
  Parameters: {"user"=>{"username"=>"aaron", "password"=>"[FILTERED]"}}
  [1m[36mUser Load (0.7ms)[0m  [1m[34mSELECT  "users".* FROM "users" WHERE "users"."username" = $1 LIMIT $2[0m  [["username", "aaron"], ["LIMIT", 1]]
Completed 200 OK in 80ms (Views: 2.0ms | ActiveRecord: 0.7ms)


Started GET "/users/4" for 127.0.0.1 at 2017-09-12 10:15:20 -0700
Processing by UsersController#show as HTML
  Parameters: {"id"=>"4"}
  [1m[36mUser Load (0.4ms)[0m  [1m[34mSELECT  "users".* FROM "users" WHERE "users"."id" = $1 LIMIT $2[0m  [["id", 4], ["LIMIT", 1]]
  [1m[36mUser Load (0.2ms)[0m  [1m[34mSELECT  "users".* FROM "users" WHERE "users"."id" = $1 LIMIT $2[0m  [["id", 4], ["LIMIT", 1]]
  [1m[36mCACHE User Load (0.0ms)[0m  [1m[34mSELECT  "users".* FROM "users" WHERE "users"."id" = $1 LIMIT $2[0m  [["id", 4], ["LIMIT", 1]]
  [1m[36mSong Load (1.1ms)[0m  [1m[34mSELECT "songs".* FROM "songs" WHERE "songs"."user_id" = $1[0m  [["user_id", 4]]
Completed 200 OK in 19ms (Views: 0.1ms | ActiveRecord: 1.8ms)


Started POST "/users/login" for 127.0.0.1 at 2017-09-12 10:17:40 -0700
Processing by UsersController#login as HTML
  Parameters: {"user"=>{"username"=>"aaron", "password"=>"[FILTERED]"}}
  [1m[36mUser Load (0.2ms)[0m  [1m[34mSELECT  "users".* FROM "users" WHERE "users"."username" = $1 LIMIT $2[0m  [["username", "aaron"], ["LIMIT", 1]]
Completed 200 OK in 67ms (Views: 0.5ms | ActiveRecord: 0.2ms)


Started GET "/users/4" for 127.0.0.1 at 2017-09-12 10:17:43 -0700
Processing by UsersController#show as HTML
  Parameters: {"id"=>"4"}
  [1m[36mUser Load (0.3ms)[0m  [1m[34mSELECT  "users".* FROM "users" WHERE "users"."id" = $1 LIMIT $2[0m  [["id", 4], ["LIMIT", 1]]
  [1m[36mUser Load (0.3ms)[0m  [1m[34mSELECT  "users".* FROM "users" WHERE "users"."id" = $1 LIMIT $2[0m  [["id", 4], ["LIMIT", 1]]
  [1m[36mCACHE User Load (0.1ms)[0m  [1m[34mSELECT  "users".* FROM "users" WHERE "users"."id" = $1 LIMIT $2[0m  [["id", 4], ["LIMIT", 1]]
  [1m[36mSong Load (0.2ms)[0m  [1m[34mSELECT "songs".* FROM "songs" WHERE "songs"."user_id" = $1[0m  [["user_id", 4]]
Completed 200 OK in 14ms (Views: 0.1ms | ActiveRecord: 0.8ms)


Started POST "/users/login" for 127.0.0.1 at 2017-09-12 10:18:20 -0700
Processing by UsersController#login as HTML
  Parameters: {"user"=>{"username"=>"aaron", "password"=>"[FILTERED]"}}
  [1m[36mUser Load (0.2ms)[0m  [1m[34mSELECT  "users".* FROM "users" WHERE "users"."username" = $1 LIMIT $2[0m  [["username", "aaron"], ["LIMIT", 1]]
Completed 200 OK in 65ms (Views: 2.0ms | ActiveRecord: 0.2ms)


Started GET "/users/4" for 127.0.0.1 at 2017-09-12 10:18:24 -0700
Processing by UsersController#show as HTML
  Parameters: {"id"=>"4"}
  [1m[36mUser Load (0.3ms)[0m  [1m[34mSELECT  "users".* FROM "users" WHERE "users"."id" = $1 LIMIT $2[0m  [["id", 4], ["LIMIT", 1]]
  [1m[36mUser Load (0.5ms)[0m  [1m[34mSELECT  "users".* FROM "users" WHERE "users"."id" = $1 LIMIT $2[0m  [["id", 4], ["LIMIT", 1]]
  [1m[36mCACHE User Load (0.0ms)[0m  [1m[34mSELECT  "users".* FROM "users" WHERE "users"."id" = $1 LIMIT $2[0m  [["id", 4], ["LIMIT", 1]]
  [1m[36mSong Load (0.2ms)[0m  [1m[34mSELECT "songs".* FROM "songs" WHERE "songs"."user_id" = $1[0m  [["user_id", 4]]
Completed 200 OK in 11ms (Views: 0.1ms | ActiveRecord: 1.0ms)


Started GET "/users/4" for 127.0.0.1 at 2017-09-12 10:20:49 -0700
Processing by UsersController#show as HTML
  Parameters: {"id"=>"4"}
  [1m[36mUser Load (0.3ms)[0m  [1m[34mSELECT  "users".* FROM "users" WHERE "users"."id" = $1 LIMIT $2[0m  [["id", 4], ["LIMIT", 1]]
  [1m[36mUser Load (0.3ms)[0m  [1m[34mSELECT  "users".* FROM "users" WHERE "users"."id" = $1 LIMIT $2[0m  [["id", 4], ["LIMIT", 1]]
  [1m[36mCACHE User Load (0.0ms)[0m  [1m[34mSELECT  "users".* FROM "users" WHERE "users"."id" = $1 LIMIT $2[0m  [["id", 4], ["LIMIT", 1]]
  [1m[36mSong Load (0.4ms)[0m  [1m[34mSELECT "songs".* FROM "songs" WHERE "songs"."user_id" = $1[0m  [["user_id", 4]]
Completed 200 OK in 13ms (Views: 0.1ms | ActiveRecord: 1.1ms)


Started POST "/users/login" for 127.0.0.1 at 2017-09-12 10:22:15 -0700
Processing by UsersController#login as HTML
  Parameters: {"user"=>{"username"=>"aaron", "password"=>"[FILTERED]"}}
  [1m[36mUser Load (0.5ms)[0m  [1m[34mSELECT  "users".* FROM "users" WHERE "users"."username" = $1 LIMIT $2[0m  [["username", "aaron"], ["LIMIT", 1]]
Completed 200 OK in 72ms (Views: 2.0ms | ActiveRecord: 0.5ms)


Started GET "/users/4" for 127.0.0.1 at 2017-09-12 10:22:18 -0700
Processing by UsersController#show as HTML
  Parameters: {"id"=>"4"}
  [1m[36mUser Load (0.3ms)[0m  [1m[34mSELECT  "users".* FROM "users" WHERE "users"."id" = $1 LIMIT $2[0m  [["id", 4], ["LIMIT", 1]]
  [1m[36mUser Load (0.5ms)[0m  [1m[34mSELECT  "users".* FROM "users" WHERE "users"."id" = $1 LIMIT $2[0m  [["id", 4], ["LIMIT", 1]]
  [1m[36mCACHE User Load (0.0ms)[0m  [1m[34mSELECT  "users".* FROM "users" WHERE "users"."id" = $1 LIMIT $2[0m  [["id", 4], ["LIMIT", 1]]
  [1m[36mSong Load (0.5ms)[0m  [1m[34mSELECT "songs".* FROM "songs" WHERE "songs"."user_id" = $1[0m  [["user_id", 4]]
Completed 200 OK in 13ms (Views: 0.1ms | ActiveRecord: 1.4ms)


Started POST "/users/login" for 127.0.0.1 at 2017-09-12 10:23:54 -0700
Processing by UsersController#login as HTML
  Parameters: {"user"=>{"username"=>"aaron", "password"=>"[FILTERED]"}}
  [1m[36mUser Load (0.2ms)[0m  [1m[34mSELECT  "users".* FROM "users" WHERE "users"."username" = $1 LIMIT $2[0m  [["username", "aaron"], ["LIMIT", 1]]
Completed 200 OK in 67ms (Views: 0.4ms | ActiveRecord: 0.2ms)


Started GET "/users/4" for 127.0.0.1 at 2017-09-12 10:23:59 -0700
Processing by UsersController#show as HTML
  Parameters: {"id"=>"4"}
  [1m[36mUser Load (0.3ms)[0m  [1m[34mSELECT  "users".* FROM "users" WHERE "users"."id" = $1 LIMIT $2[0m  [["id", 4], ["LIMIT", 1]]
  [1m[36mUser Load (0.3ms)[0m  [1m[34mSELECT  "users".* FROM "users" WHERE "users"."id" = $1 LIMIT $2[0m  [["id", 4], ["LIMIT", 1]]
  [1m[36mCACHE User Load (0.0ms)[0m  [1m[34mSELECT  "users".* FROM "users" WHERE "users"."id" = $1 LIMIT $2[0m  [["id", 4], ["LIMIT", 1]]
  [1m[36mSong Load (0.4ms)[0m  [1m[34mSELECT "songs".* FROM "songs" WHERE "songs"."user_id" = $1[0m  [["user_id", 4]]
Completed 200 OK in 8ms (Views: 0.3ms | ActiveRecord: 0.9ms)


Started POST "/users/login" for 127.0.0.1 at 2017-09-12 10:28:03 -0700
Processing by UsersController#login as HTML
  Parameters: {"user"=>{"username"=>"aaron", "password"=>"[FILTERED]"}}
  [1m[36mUser Load (0.3ms)[0m  [1m[34mSELECT  "users".* FROM "users" WHERE "users"."username" = $1 LIMIT $2[0m  [["username", "aaron"], ["LIMIT", 1]]
Completed 200 OK in 68ms (Views: 0.6ms | ActiveRecord: 0.3ms)


Started GET "/users/4" for 127.0.0.1 at 2017-09-12 10:28:10 -0700
Processing by UsersController#show as HTML
  Parameters: {"id"=>"4"}
  [1m[36mUser Load (0.2ms)[0m  [1m[34mSELECT  "users".* FROM "users" WHERE "users"."id" = $1 LIMIT $2[0m  [["id", 4], ["LIMIT", 1]]
  [1m[36mUser Load (0.4ms)[0m  [1m[34mSELECT  "users".* FROM "users" WHERE "users"."id" = $1 LIMIT $2[0m  [["id", 4], ["LIMIT", 1]]
  [1m[36mCACHE User Load (0.0ms)[0m  [1m[34mSELECT  "users".* FROM "users" WHERE "users"."id" = $1 LIMIT $2[0m  [["id", 4], ["LIMIT", 1]]
  [1m[36mSong Load (0.2ms)[0m  [1m[34mSELECT "songs".* FROM "songs" WHERE "songs"."user_id" = $1[0m  [["user_id", 4]]
Completed 200 OK in 9ms (Views: 0.1ms | ActiveRecord: 0.9ms)


Started GET "/users/4" for 127.0.0.1 at 2017-09-12 10:28:40 -0700
Processing by UsersController#show as HTML
  Parameters: {"id"=>"4"}
  [1m[36mUser Load (0.3ms)[0m  [1m[34mSELECT  "users".* FROM "users" WHERE "users"."id" = $1 LIMIT $2[0m  [["id", 4], ["LIMIT", 1]]
  [1m[36mUser Load (0.4ms)[0m  [1m[34mSELECT  "users".* FROM "users" WHERE "users"."id" = $1 LIMIT $2[0m  [["id", 4], ["LIMIT", 1]]
  [1m[36mCACHE User Load (0.1ms)[0m  [1m[34mSELECT  "users".* FROM "users" WHERE "users"."id" = $1 LIMIT $2[0m  [["id", 4], ["LIMIT", 1]]
  [1m[36mSong Load (0.4ms)[0m  [1m[34mSELECT "songs".* FROM "songs" WHERE "songs"."user_id" = $1[0m  [["user_id", 4]]
Completed 200 OK in 8ms (Views: 0.1ms | ActiveRecord: 1.2ms)


Started POST "/users/4/songs" for 127.0.0.1 at 2017-09-12 10:28:58 -0700
Processing by SongsController#create as HTML
  Parameters: {"song"=>{"artist"=>"The Weeknd", "title"=>"Can't Feel My Face", "image"=>"https://lastfm-img2.akamaized.net/i/u/34s/6d1b397368a98ae471900caf43a5d2a3.png", "user_id"=>4}, "user_id"=>"4"}
Unpermitted parameter: :user_id
  [1m[35m (0.1ms)[0m  [1m[35mBEGIN[0m
  [1m[35mSQL (29.5ms)[0m  [1m[32mINSERT INTO "songs" ("artist", "title", "image", "created_at", "updated_at", "user_id") VALUES ($1, $2, $3, $4, $5, $6) RETURNING "id"[0m  [["artist", "The Weeknd"], ["title", "Can't Feel My Face"], ["image", "https://lastfm-img2.akamaized.net/i/u/34s/6d1b397368a98ae471900caf43a5d2a3.png"], ["created_at", "2017-09-12 17:28:58.945791"], ["updated_at", "2017-09-12 17:28:58.945791"], ["user_id", 4]]
  [1m[35m (1.3ms)[0m  [1m[35mCOMMIT[0m
Completed 201 Created in 39ms (Views: 0.5ms | ActiveRecord: 30.9ms)


Started GET "/users/4" for 127.0.0.1 at 2017-09-12 10:29:02 -0700
Processing by UsersController#show as HTML
  Parameters: {"id"=>"4"}
  [1m[36mUser Load (0.3ms)[0m  [1m[34mSELECT  "users".* FROM "users" WHERE "users"."id" = $1 LIMIT $2[0m  [["id", 4], ["LIMIT", 1]]
  [1m[36mUser Load (0.3ms)[0m  [1m[34mSELECT  "users".* FROM "users" WHERE "users"."id" = $1 LIMIT $2[0m  [["id", 4], ["LIMIT", 1]]
  [1m[36mCACHE User Load (0.0ms)[0m  [1m[34mSELECT  "users".* FROM "users" WHERE "users"."id" = $1 LIMIT $2[0m  [["id", 4], ["LIMIT", 1]]
  [1m[36mSong Load (0.4ms)[0m  [1m[34mSELECT "songs".* FROM "songs" WHERE "songs"."user_id" = $1[0m  [["user_id", 4]]
Completed 200 OK in 9ms (Views: 0.2ms | ActiveRecord: 1.1ms)


Started GET "/users/4" for 127.0.0.1 at 2017-09-12 10:29:49 -0700
Processing by UsersController#show as HTML
  Parameters: {"id"=>"4"}
  [1m[36mUser Load (0.2ms)[0m  [1m[34mSELECT  "users".* FROM "users" WHERE "users"."id" = $1 LIMIT $2[0m  [["id", 4], ["LIMIT", 1]]
  [1m[36mUser Load (0.2ms)[0m  [1m[34mSELECT  "users".* FROM "users" WHERE "users"."id" = $1 LIMIT $2[0m  [["id", 4], ["LIMIT", 1]]
  [1m[36mCACHE User Load (0.0ms)[0m  [1m[34mSELECT  "users".* FROM "users" WHERE "users"."id" = $1 LIMIT $2[0m  [["id", 4], ["LIMIT", 1]]
  [1m[36mSong Load (0.2ms)[0m  [1m[34mSELECT "songs".* FROM "songs" WHERE "songs"."user_id" = $1[0m  [["user_id", 4]]
Completed 200 OK in 7ms (Views: 0.2ms | ActiveRecord: 0.6ms)


Started POST "/users/login" for 127.0.0.1 at 2017-09-12 10:39:27 -0700
Processing by UsersController#login as HTML
  Parameters: {"user"=>{"username"=>"aaron", "password"=>"[FILTERED]"}}
  [1m[36mUser Load (0.8ms)[0m  [1m[34mSELECT  "users".* FROM "users" WHERE "users"."username" = $1 LIMIT $2[0m  [["username", "aaron"], ["LIMIT", 1]]
Completed 200 OK in 78ms (Views: 3.9ms | ActiveRecord: 0.8ms)


Started GET "/users/4" for 127.0.0.1 at 2017-09-12 10:39:31 -0700
Processing by UsersController#show as HTML
  Parameters: {"id"=>"4"}
  [1m[36mUser Load (0.4ms)[0m  [1m[34mSELECT  "users".* FROM "users" WHERE "users"."id" = $1 LIMIT $2[0m  [["id", 4], ["LIMIT", 1]]
  [1m[36mUser Load (0.2ms)[0m  [1m[34mSELECT  "users".* FROM "users" WHERE "users"."id" = $1 LIMIT $2[0m  [["id", 4], ["LIMIT", 1]]
  [1m[36mCACHE User Load (0.0ms)[0m  [1m[34mSELECT  "users".* FROM "users" WHERE "users"."id" = $1 LIMIT $2[0m  [["id", 4], ["LIMIT", 1]]
  [1m[36mSong Load (0.3ms)[0m  [1m[34mSELECT "songs".* FROM "songs" WHERE "songs"."user_id" = $1[0m  [["user_id", 4]]
Completed 200 OK in 13ms (Views: 0.1ms | ActiveRecord: 0.9ms)


Started POST "/users/login" for 127.0.0.1 at 2017-09-12 10:43:04 -0700
Processing by UsersController#login as HTML
  Parameters: {"user"=>{"username"=>"aaron", "password"=>"[FILTERED]"}}
  [1m[36mUser Load (0.2ms)[0m  [1m[34mSELECT  "users".* FROM "users" WHERE "users"."username" = $1 LIMIT $2[0m  [["username", "aaron"], ["LIMIT", 1]]
Completed 200 OK in 70ms (Views: 0.6ms | ActiveRecord: 0.2ms)


Started POST "/users/login" for 127.0.0.1 at 2017-09-12 10:43:07 -0700
Processing by UsersController#login as HTML
  Parameters: {"user"=>{"username"=>"aaron", "password"=>"[FILTERED]"}}
  [1m[36mUser Load (0.8ms)[0m  [1m[34mSELECT  "users".* FROM "users" WHERE "users"."username" = $1 LIMIT $2[0m  [["username", "aaron"], ["LIMIT", 1]]
Completed 200 OK in 68ms (Views: 0.7ms | ActiveRecord: 0.8ms)


Started GET "/users/4" for 127.0.0.1 at 2017-09-12 10:43:13 -0700
Processing by UsersController#show as HTML
  Parameters: {"id"=>"4"}
  [1m[36mUser Load (0.3ms)[0m  [1m[34mSELECT  "users".* FROM "users" WHERE "users"."id" = $1 LIMIT $2[0m  [["id", 4], ["LIMIT", 1]]
  [1m[36mUser Load (0.3ms)[0m  [1m[34mSELECT  "users".* FROM "users" WHERE "users"."id" = $1 LIMIT $2[0m  [["id", 4], ["LIMIT", 1]]
  [1m[36mCACHE User Load (0.0ms)[0m  [1m[34mSELECT  "users".* FROM "users" WHERE "users"."id" = $1 LIMIT $2[0m  [["id", 4], ["LIMIT", 1]]
  [1m[36mSong Load (0.3ms)[0m  [1m[34mSELECT "songs".* FROM "songs" WHERE "songs"."user_id" = $1[0m  [["user_id", 4]]
Completed 200 OK in 10ms (Views: 0.2ms | ActiveRecord: 1.0ms)


Started POST "/users/undefined/songs" for 127.0.0.1 at 2017-09-12 11:02:36 -0700
Processing by SongsController#create as HTML
  Parameters: {"song"=>{"artist"=>"AZ", "title"=>"I Feel For You", "image"=>"https://lastfm-img2.akamaized.net/i/u/34s/a4f7f5c7d559407aa736d6a2616279c6.png"}, "user_id"=>"undefined"}
  [1m[35m (0.1ms)[0m  [1m[35mBEGIN[0m
  [1m[35mSQL (0.7ms)[0m  [1m[32mINSERT INTO "songs" ("artist", "title", "image", "created_at", "updated_at", "user_id") VALUES ($1, $2, $3, $4, $5, $6) RETURNING "id"[0m  [["artist", "AZ"], ["title", "I Feel For You"], ["image", "https://lastfm-img2.akamaized.net/i/u/34s/a4f7f5c7d559407aa736d6a2616279c6.png"], ["created_at", "2017-09-12 18:02:36.909215"], ["updated_at", "2017-09-12 18:02:36.909215"], ["user_id", 0]]
  [1m[35m (5.8ms)[0m  [1m[35mCOMMIT[0m
Completed 201 Created in 14ms (Views: 0.5ms | ActiveRecord: 6.6ms)


Started POST "/users/login" for 127.0.0.1 at 2017-09-12 11:04:42 -0700
Processing by UsersController#login as HTML
  Parameters: {"user"=>{"username"=>"aaron", "password"=>"[FILTERED]"}}
  [1m[36mUser Load (0.4ms)[0m  [1m[34mSELECT  "users".* FROM "users" WHERE "users"."username" = $1 LIMIT $2[0m  [["username", "aaron"], ["LIMIT", 1]]
Completed 200 OK in 67ms (Views: 0.5ms | ActiveRecord: 0.4ms)


Started POST "/users/4/songs" for 127.0.0.1 at 2017-09-12 11:04:54 -0700
Processing by SongsController#create as HTML
  Parameters: {"song"=>{"artist"=>"Kanye West", "title"=>"I LOVE KANYE", "image"=>"https://lastfm-img2.akamaized.net/i/u/34s/9f5f0540a3905a09dad37d8d47a61ccd.png", "user_id"=>4}, "user_id"=>"4"}
Unpermitted parameter: :user_id
  [1m[35m (0.1ms)[0m  [1m[35mBEGIN[0m
  [1m[35mSQL (0.3ms)[0m  [1m[32mINSERT INTO "songs" ("artist", "title", "image", "created_at", "updated_at", "user_id") VALUES ($1, $2, $3, $4, $5, $6) RETURNING "id"[0m  [["artist", "Kanye West"], ["title", "I LOVE KANYE"], ["image", "https://lastfm-img2.akamaized.net/i/u/34s/9f5f0540a3905a09dad37d8d47a61ccd.png"], ["created_at", "2017-09-12 18:04:54.357067"], ["updated_at", "2017-09-12 18:04:54.357067"], ["user_id", 4]]
  [1m[35m (1.3ms)[0m  [1m[35mCOMMIT[0m
Completed 201 Created in 5ms (Views: 0.5ms | ActiveRecord: 1.7ms)


Started GET "/users/4" for 127.0.0.1 at 2017-09-12 11:04:56 -0700
Processing by UsersController#show as HTML
  Parameters: {"id"=>"4"}
  [1m[36mUser Load (0.8ms)[0m  [1m[34mSELECT  "users".* FROM "users" WHERE "users"."id" = $1 LIMIT $2[0m  [["id", 4], ["LIMIT", 1]]
  [1m[36mUser Load (0.3ms)[0m  [1m[34mSELECT  "users".* FROM "users" WHERE "users"."id" = $1 LIMIT $2[0m  [["id", 4], ["LIMIT", 1]]
  [1m[36mCACHE User Load (0.2ms)[0m  [1m[34mSELECT  "users".* FROM "users" WHERE "users"."id" = $1 LIMIT $2[0m  [["id", 4], ["LIMIT", 1]]
  [1m[36mSong Load (0.2ms)[0m  [1m[34mSELECT "songs".* FROM "songs" WHERE "songs"."user_id" = $1[0m  [["user_id", 4]]
Completed 200 OK in 10ms (Views: 0.2ms | ActiveRecord: 1.4ms)


Started POST "/users/login" for 127.0.0.1 at 2017-09-12 11:07:14 -0700
Processing by UsersController#login as HTML
  Parameters: {"user"=>{"username"=>"aaron", "password"=>"[FILTERED]"}}
  [1m[36mUser Load (0.2ms)[0m  [1m[34mSELECT  "users".* FROM "users" WHERE "users"."username" = $1 LIMIT $2[0m  [["username", "aaron"], ["LIMIT", 1]]
Completed 200 OK in 67ms (Views: 0.6ms | ActiveRecord: 0.2ms)


Started GET "/users/4" for 127.0.0.1 at 2017-09-12 11:07:25 -0700
Processing by UsersController#show as HTML
  Parameters: {"id"=>"4"}
  [1m[36mUser Load (0.2ms)[0m  [1m[34mSELECT  "users".* FROM "users" WHERE "users"."id" = $1 LIMIT $2[0m  [["id", 4], ["LIMIT", 1]]
  [1m[36mUser Load (0.3ms)[0m  [1m[34mSELECT  "users".* FROM "users" WHERE "users"."id" = $1 LIMIT $2[0m  [["id", 4], ["LIMIT", 1]]
  [1m[36mCACHE User Load (0.0ms)[0m  [1m[34mSELECT  "users".* FROM "users" WHERE "users"."id" = $1 LIMIT $2[0m  [["id", 4], ["LIMIT", 1]]
  [1m[36mSong Load (0.4ms)[0m  [1m[34mSELECT "songs".* FROM "songs" WHERE "songs"."user_id" = $1[0m  [["user_id", 4]]
Completed 200 OK in 25ms (Views: 0.3ms | ActiveRecord: 0.9ms)


Started GET "/users/4" for 127.0.0.1 at 2017-09-12 11:07:36 -0700
Processing by UsersController#show as HTML
  Parameters: {"id"=>"4"}
  [1m[36mUser Load (0.4ms)[0m  [1m[34mSELECT  "users".* FROM "users" WHERE "users"."id" = $1 LIMIT $2[0m  [["id", 4], ["LIMIT", 1]]
  [1m[36mUser Load (0.6ms)[0m  [1m[34mSELECT  "users".* FROM "users" WHERE "users"."id" = $1 LIMIT $2[0m  [["id", 4], ["LIMIT", 1]]
  [1m[36mCACHE User Load (0.0ms)[0m  [1m[34mSELECT  "users".* FROM "users" WHERE "users"."id" = $1 LIMIT $2[0m  [["id", 4], ["LIMIT", 1]]
  [1m[36mSong Load (0.2ms)[0m  [1m[34mSELECT "songs".* FROM "songs" WHERE "songs"."user_id" = $1[0m  [["user_id", 4]]
Completed 200 OK in 9ms (Views: 0.1ms | ActiveRecord: 1.3ms)


